Phase 1 - find and verify superblock...
Phase 2 - using internal log
        - zero log...
ALERT: The filesystem has valuable metadata changes in a log which is being
ignored because the -n option was used.  Expect spurious inconsistencies
which may be resolved by first mounting the filesystem to replay the log.
        - scan filesystem freespace and inode maps...
sb_icount 256, counted 128
sb_ifree 254, counted 119
sb_fdblocks 1256126, counted 1308120
        - found root inode chunk
Phase 3 - for each AG...
        - scan (but don't clear) agi unlinked lists...
        - process known inodes and perform inode discovery...
        - agno = 0
        - agno = 1
        - agno = 2
        - agno = 3
        - process newly discovered inodes...
Phase 4 - check for duplicate blocks...
        - setting up duplicate extent list...
        - check for inodes claiming duplicate blocks...
        - agno = 0
        - agno = 2
        - agno = 3
        - agno = 1
No modify flag set, skipping phase 5
Phase 6 - check inode connectivity...
        - traversing filesystem ...
        - traversal finished ...
        - moving disconnected inodes to lost+found ...
Phase 7 - verify link counts...
No modify flag set, skipping filesystem flush and exiting.
